2022/12/13 01:54:01 [notice] 1#1: using the "epoll" event method
2022/12/13 01:54:01 [notice] 1#1: nginx/1.23.2
2022/12/13 01:54:01 [notice] 1#1: built by gcc 10.2.1 20210110 (Debian 10.2.1-6) 
2022/12/13 01:54:01 [notice] 1#1: OS: Linux 5.4.0-135-generic
2022/12/13 01:54:01 [notice] 1#1: getrlimit(RLIMIT_NOFILE): 1048576:1048576
2022/12/13 01:54:01 [notice] 1#1: start worker processes
2022/12/13 01:54:01 [notice] 1#1: start worker process 19
2022/12/13 01:54:40 [notice] 1#1: signal 3 (SIGQUIT) received, shutting down
2022/12/13 01:54:40 [notice] 19#19: gracefully shutting down
2022/12/13 01:54:40 [notice] 19#19: exiting
2022/12/13 01:54:40 [notice] 19#19: exit
2022/12/13 01:54:40 [notice] 1#1: signal 17 (SIGCHLD) received from 19
2022/12/13 01:54:40 [notice] 1#1: worker process 19 exited with code 0
2022/12/13 01:54:40 [notice] 1#1: exit
2022/12/13 01:58:24 [notice] 1#1: using the "epoll" event method
2022/12/13 01:58:24 [notice] 1#1: nginx/1.23.2
2022/12/13 01:58:24 [notice] 1#1: built by gcc 10.2.1 20210110 (Debian 10.2.1-6) 
2022/12/13 01:58:24 [notice] 1#1: OS: Linux 5.4.0-135-generic
2022/12/13 01:58:24 [notice] 1#1: getrlimit(RLIMIT_NOFILE): 1048576:1048576
2022/12/13 01:58:24 [notice] 1#1: start worker processes
2022/12/13 01:58:24 [notice] 1#1: start worker process 19
2022/12/13 02:01:56 [error] 19#19: *1 connect() failed (111: Connection refused) while connecting to upstream, client: 172.21.0.1, server: example.com, request: "GET / HTTP/1.1", upstream: "http://172.21.0.2:1880/", host: "example.com"
2022/12/13 02:02:46 [error] 19#19: *3 connect() failed (111: Connection refused) while connecting to upstream, client: 172.21.0.1, server: example.com, request: "GET / HTTP/1.1", upstream: "http://172.21.0.2:1880/", host: "example.com"
2022/12/13 02:03:02 [notice] 1#1: signal 3 (SIGQUIT) received, shutting down
2022/12/13 02:03:02 [notice] 19#19: gracefully shutting down
2022/12/13 02:03:02 [notice] 19#19: exiting
2022/12/13 02:03:02 [notice] 19#19: exit
2022/12/13 02:03:02 [notice] 1#1: signal 17 (SIGCHLD) received from 19
2022/12/13 02:03:02 [notice] 1#1: worker process 19 exited with code 0
2022/12/13 02:03:02 [notice] 1#1: exit
2022/12/13 02:03:15 [notice] 1#1: using the "epoll" event method
2022/12/13 02:03:15 [notice] 1#1: nginx/1.23.2
2022/12/13 02:03:15 [notice] 1#1: built by gcc 10.2.1 20210110 (Debian 10.2.1-6) 
2022/12/13 02:03:15 [notice] 1#1: OS: Linux 5.4.0-135-generic
2022/12/13 02:03:15 [notice] 1#1: getrlimit(RLIMIT_NOFILE): 1048576:1048576
2022/12/13 02:03:15 [notice] 1#1: start worker processes
2022/12/13 02:03:15 [notice] 1#1: start worker process 19
2022/12/13 02:08:09 [notice] 1#1: signal 3 (SIGQUIT) received, shutting down
2022/12/13 02:08:09 [notice] 19#19: gracefully shutting down
2022/12/13 02:08:09 [notice] 19#19: exiting
2022/12/13 02:08:09 [notice] 19#19: exit
2022/12/13 02:08:09 [notice] 1#1: signal 17 (SIGCHLD) received from 19
2022/12/13 02:08:09 [notice] 1#1: worker process 19 exited with code 0
2022/12/13 02:08:09 [notice] 1#1: exit
2022/12/13 02:29:08 [notice] 1#1: using the "epoll" event method
2022/12/13 02:29:08 [notice] 1#1: nginx/1.23.2
2022/12/13 02:29:08 [notice] 1#1: built by gcc 10.2.1 20210110 (Debian 10.2.1-6) 
2022/12/13 02:29:08 [notice] 1#1: OS: Linux 5.4.0-135-generic
2022/12/13 02:29:08 [notice] 1#1: getrlimit(RLIMIT_NOFILE): 1048576:1048576
2022/12/13 02:29:08 [notice] 1#1: start worker processes
2022/12/13 02:29:08 [notice] 1#1: start worker process 19
